  [1m[35m (32.6ms)[0m  [1m[35mCREATE TABLE "schema_migrations" ("version" character varying NOT NULL PRIMARY KEY)[0m
  [1m[35m (25.6ms)[0m  [1m[35mCREATE TABLE "ar_internal_metadata" ("key" character varying NOT NULL PRIMARY KEY, "value" character varying, "created_at" timestamp(6) NOT NULL, "updated_at" timestamp(6) NOT NULL)[0m
  [1m[35m (15.9ms)[0m  [1m[34mSELECT pg_try_advisory_lock(5389988187351560205)[0m
  [1m[35m (0.6ms)[0m  [1m[34mSELECT "schema_migrations"."version" FROM "schema_migrations" ORDER BY "schema_migrations"."version" ASC[0m
Migrating to CreateArticles (20201225223247)
  [1m[35m (0.2ms)[0m  [1m[35mBEGIN[0m
  [1m[35m (27.9ms)[0m  [1m[35mCREATE TABLE "articles" ("id" bigserial primary key, "title" character varying, "body" text, "created_at" timestamp(6) NOT NULL, "updated_at" timestamp(6) NOT NULL)[0m
  [1m[36mprimary::SchemaMigration Create (2.1ms)[0m  [1m[32mINSERT INTO "schema_migrations" ("version") VALUES ($1) RETURNING "version"[0m  [["version", "20201225223247"]]
  [1m[35m (0.5ms)[0m  [1m[35mCOMMIT[0m
  [1m[36mActiveRecord::InternalMetadata Load (0.2ms)[0m  [1m[34mSELECT "ar_internal_metadata".* FROM "ar_internal_metadata" WHERE "ar_internal_metadata"."key" = $1 LIMIT $2[0m  [["key", "environment"], ["LIMIT", 1]]
  [1m[35m (0.1ms)[0m  [1m[35mBEGIN[0m
  [1m[36mActiveRecord::InternalMetadata Create (6.9ms)[0m  [1m[32mINSERT INTO "ar_internal_metadata" ("key", "value", "created_at", "updated_at") VALUES ($1, $2, $3, $4) RETURNING "key"[0m  [["key", "environment"], ["value", "development"], ["created_at", "2020-12-25 22:49:08.848961"], ["updated_at", "2020-12-25 22:49:08.848961"]]
  [1m[35m (4.9ms)[0m  [1m[35mCOMMIT[0m
  [1m[35m (0.2ms)[0m  [1m[34mSELECT pg_advisory_unlock(5389988187351560205)[0m
  [1m[35m (0.8ms)[0m  [1m[34mSELECT "schema_migrations"."version" FROM "schema_migrations" ORDER BY "schema_migrations"."version" ASC[0m
Started GET "/" for ::1 at 2020-12-25 16:53:29 -0600
  [1m[35m (0.9ms)[0m  [1m[34mSELECT "schema_migrations"."version" FROM "schema_migrations" ORDER BY "schema_migrations"."version" ASC[0m
Processing by ArticlesController#index as HTML
  Rendering articles/index.html.erb within layouts/application
  [1m[36mArticle Load (2.4ms)[0m  [1m[34mSELECT "articles".* FROM "articles"[0m
  ↳ app/views/articles/index.html.erb:15
  Rendered articles/index.html.erb within layouts/application (Duration: 11.9ms | Allocations: 1662)
[Webpacker] Compiling...
[Webpacker] Compiled all packs in /Users/tessanewman/Projects/photos_for_pam/fotogallery/moms_photo_site/public/packs
[Webpacker] Hash: 76145d9ce4575ebaa29b
Version: webpack 4.44.2
Time: 2213ms
Built at: 12/25/2020 4:53:34 PM
                                     Asset       Size       Chunks                         Chunk Names
    js/application-c229f7c7014cf8c8d494.js    124 KiB  application  [emitted] [immutable]  application
js/application-c229f7c7014cf8c8d494.js.map    139 KiB  application  [emitted] [dev]        application
                             manifest.json  364 bytes               [emitted]              
Entrypoint application = js/application-c229f7c7014cf8c8d494.js js/application-c229f7c7014cf8c8d494.js.map
[./app/javascript/channels sync recursive _channel\.js$] ./app/javascript/channels sync _channel\.js$ 160 bytes {application} [built]
[./app/javascript/channels/index.js] 211 bytes {application} [built]
[./app/javascript/packs/application.js] 749 bytes {application} [built]
[./node_modules/webpack/buildin/module.js] (webpack)/buildin/module.js 552 bytes {application} [built]
    + 3 hidden modules

Completed 200 OK in 5108ms (Views: 5088.3ms | ActiveRecord: 3.9ms | Allocations: 89963)


Started GET "/articles/new" for ::1 at 2020-12-25 16:53:38 -0600
Processing by ArticlesController#new as HTML
  Rendering articles/new.html.erb within layouts/application
  Rendered articles/_form.html.erb (Duration: 109.1ms | Allocations: 22852)
  Rendered articles/new.html.erb within layouts/application (Duration: 110.1ms | Allocations: 23209)
[Webpacker] Everything's up-to-date. Nothing to do
Completed 200 OK in 129ms (Views: 120.6ms | ActiveRecord: 2.5ms | Allocations: 33954)


Started POST "/articles" for ::1 at 2020-12-25 16:53:55 -0600
Processing by ArticlesController#create as HTML
  Parameters: {"authenticity_token"=>"PxsvayQCrB2dwAEWgC2KX9XocaVy5KQ1MWvKv3r8uAXtF98g15K6htoLxah+yRFN+1PrKCWj9CV+bSeADcsXGA==", "article"=>{"title"=>"Test Photo", "body"=>"Testing testing"}, "commit"=>"Create Article"}
  [1m[35m (0.1ms)[0m  [1m[35mBEGIN[0m
  ↳ app/controllers/articles_controller.rb:26:in `create'
  [1m[36mArticle Create (27.5ms)[0m  [1m[32mINSERT INTO "articles" ("title", "body", "created_at", "updated_at") VALUES ($1, $2, $3, $4) RETURNING "id"[0m  [["title", "Test Photo"], ["body", "Testing testing"], ["created_at", "2020-12-25 22:53:55.140557"], ["updated_at", "2020-12-25 22:53:55.140557"]]
  ↳ app/controllers/articles_controller.rb:26:in `create'
  [1m[35m (16.1ms)[0m  [1m[35mCOMMIT[0m
  ↳ app/controllers/articles_controller.rb:26:in `create'
Redirected to http://localhost:3000/articles/1
Completed 302 Found in 49ms (ActiveRecord: 43.7ms | Allocations: 2981)


Started GET "/articles/1" for ::1 at 2020-12-25 16:53:55 -0600
Processing by ArticlesController#show as HTML
  Parameters: {"id"=>"1"}
  [1m[36mArticle Load (6.4ms)[0m  [1m[34mSELECT "articles".* FROM "articles" WHERE "articles"."id" = $1 LIMIT $2[0m  [["id", 1], ["LIMIT", 1]]
  ↳ app/controllers/articles_controller.rb:51:in `set_article'
  Rendering articles/show.html.erb within layouts/application
  Rendered articles/show.html.erb within layouts/application (Duration: 0.6ms | Allocations: 272)
[Webpacker] Everything's up-to-date. Nothing to do
Completed 200 OK in 37ms (Views: 12.5ms | ActiveRecord: 10.7ms | Allocations: 8935)


Started GET "/articles" for ::1 at 2020-12-25 16:53:58 -0600
  
ActionController::RoutingError (No route matches [GET] "/articles"):
  
actionpack (6.0.3.3) lib/action_dispatch/middleware/debug_exceptions.rb:36:in `call'
web-console (4.0.4) lib/web_console/middleware.rb:132:in `call_app'
web-console (4.0.4) lib/web_console/middleware.rb:28:in `block in call'
web-console (4.0.4) lib/web_console/middleware.rb:17:in `catch'
web-console (4.0.4) lib/web_console/middleware.rb:17:in `call'
actionpack (6.0.3.3) lib/action_dispatch/middleware/show_exceptions.rb:33:in `call'
railties (6.0.3.3) lib/rails/rack/logger.rb:37:in `call_app'
railties (6.0.3.3) lib/rails/rack/logger.rb:26:in `block in call'
activesupport (6.0.3.3) lib/active_support/tagged_logging.rb:80:in `block in tagged'
activesupport (6.0.3.3) lib/active_support/tagged_logging.rb:28:in `tagged'
activesupport (6.0.3.3) lib/active_support/tagged_logging.rb:80:in `tagged'
railties (6.0.3.3) lib/rails/rack/logger.rb:26:in `call'
sprockets-rails (3.2.2) lib/sprockets/rails/quiet_assets.rb:13:in `call'
actionpack (6.0.3.3) lib/action_dispatch/middleware/remote_ip.rb:81:in `call'
actionpack (6.0.3.3) lib/action_dispatch/middleware/request_id.rb:27:in `call'
rack (2.2.3) lib/rack/method_override.rb:24:in `call'
rack (2.2.3) lib/rack/runtime.rb:22:in `call'
activesupport (6.0.3.3) lib/active_support/cache/strategy/local_cache_middleware.rb:29:in `call'
actionpack (6.0.3.3) lib/action_dispatch/middleware/executor.rb:14:in `call'
actionpack (6.0.3.3) lib/action_dispatch/middleware/static.rb:126:in `call'
rack (2.2.3) lib/rack/sendfile.rb:110:in `call'
actionpack (6.0.3.3) lib/action_dispatch/middleware/host_authorization.rb:82:in `call'
webpacker (4.3.0) lib/webpacker/dev_server_proxy.rb:23:in `perform_request'
rack-proxy (0.6.5) lib/rack/proxy.rb:57:in `call'
railties (6.0.3.3) lib/rails/engine.rb:527:in `call'
puma (4.3.6) lib/puma/configuration.rb:228:in `call'
puma (4.3.6) lib/puma/server.rb:713:in `handle_request'
puma (4.3.6) lib/puma/server.rb:472:in `process_client'
puma (4.3.6) lib/puma/server.rb:328:in `block in run'
puma (4.3.6) lib/puma/thread_pool.rb:134:in `block in spawn_thread'
Started GET "/articles" for ::1 at 2020-12-25 16:54:57 -0600
Processing by ArticlesController#index as HTML
  Rendering articles/index.html.erb within layouts/application
  [1m[36mArticle Load (0.6ms)[0m  [1m[34mSELECT "articles".* FROM "articles"[0m
  ↳ app/views/articles/index.html.erb:15
  Rendered articles/index.html.erb within layouts/application (Duration: 14.0ms | Allocations: 4170)
[Webpacker] Everything's up-to-date. Nothing to do
Completed 200 OK in 35ms (Views: 29.5ms | ActiveRecord: 3.6ms | Allocations: 12259)


DEPRECATION WARNING: Initialization autoloaded the constants ActionText::ContentHelper and ActionText::TagHelper.

Being able to do this is deprecated. Autoloading during initialization is going
to be an error condition in future versions of Rails.

Reloading does not reboot the application, and therefore code executed during
initialization does not run again. So, if you reload ActionText::ContentHelper, for example,
the expected changes won't be reflected in that stale Module object.

These autoloaded constants have been unloaded.

Please, check the "Autoloading and Reloading Constants" guide for solutions.
 (called from <main> at /Users/tessanewman/Projects/photos_for_pam/fotogallery/moms_photo_site/config/environment.rb:5)
DEPRECATION WARNING: Initialization autoloaded the constants ActionText::ContentHelper and ActionText::TagHelper.

Being able to do this is deprecated. Autoloading during initialization is going
to be an error condition in future versions of Rails.

Reloading does not reboot the application, and therefore code executed during
initialization does not run again. So, if you reload ActionText::ContentHelper, for example,
the expected changes won't be reflected in that stale Module object.

These autoloaded constants have been unloaded.

Please, check the "Autoloading and Reloading Constants" guide for solutions.
 (called from <main> at /Users/tessanewman/Projects/photos_for_pam/fotogallery/moms_photo_site/config/environment.rb:5)
DEPRECATION WARNING: Initialization autoloaded the constants ActionText::ContentHelper and ActionText::TagHelper.

Being able to do this is deprecated. Autoloading during initialization is going
to be an error condition in future versions of Rails.

Reloading does not reboot the application, and therefore code executed during
initialization does not run again. So, if you reload ActionText::ContentHelper, for example,
the expected changes won't be reflected in that stale Module object.

These autoloaded constants have been unloaded.

Please, check the "Autoloading and Reloading Constants" guide for solutions.
 (called from <main> at /Users/tessanewman/Projects/photos_for_pam/fotogallery/moms_photo_site/config/environment.rb:5)
DEPRECATION WARNING: Initialization autoloaded the constants ActionText::ContentHelper and ActionText::TagHelper.

Being able to do this is deprecated. Autoloading during initialization is going
to be an error condition in future versions of Rails.

Reloading does not reboot the application, and therefore code executed during
initialization does not run again. So, if you reload ActionText::ContentHelper, for example,
the expected changes won't be reflected in that stale Module object.

These autoloaded constants have been unloaded.

Please, check the "Autoloading and Reloading Constants" guide for solutions.
 (called from <main> at /Users/tessanewman/Projects/photos_for_pam/fotogallery/moms_photo_site/config/environment.rb:5)
DEPRECATION WARNING: Initialization autoloaded the constants ActionText::ContentHelper and ActionText::TagHelper.

Being able to do this is deprecated. Autoloading during initialization is going
to be an error condition in future versions of Rails.

Reloading does not reboot the application, and therefore code executed during
initialization does not run again. So, if you reload ActionText::ContentHelper, for example,
the expected changes won't be reflected in that stale Module object.

These autoloaded constants have been unloaded.

Please, check the "Autoloading and Reloading Constants" guide for solutions.
 (called from <main> at /Users/tessanewman/Projects/photos_for_pam/fotogallery/moms_photo_site/config/environment.rb:5)
DEPRECATION WARNING: Initialization autoloaded the constants ActionText::ContentHelper and ActionText::TagHelper.

Being able to do this is deprecated. Autoloading during initialization is going
to be an error condition in future versions of Rails.

Reloading does not reboot the application, and therefore code executed during
initialization does not run again. So, if you reload ActionText::ContentHelper, for example,
the expected changes won't be reflected in that stale Module object.

These autoloaded constants have been unloaded.

Please, check the "Autoloading and Reloading Constants" guide for solutions.
 (called from <main> at /Users/tessanewman/Projects/photos_for_pam/fotogallery/moms_photo_site/config/environment.rb:5)
DEPRECATION WARNING: Initialization autoloaded the constants ActionText::ContentHelper and ActionText::TagHelper.

Being able to do this is deprecated. Autoloading during initialization is going
to be an error condition in future versions of Rails.

Reloading does not reboot the application, and therefore code executed during
initialization does not run again. So, if you reload ActionText::ContentHelper, for example,
the expected changes won't be reflected in that stale Module object.

These autoloaded constants have been unloaded.

Please, check the "Autoloading and Reloading Constants" guide for solutions.
 (called from <main> at /Users/tessanewman/Projects/photos_for_pam/fotogallery/moms_photo_site/config/environment.rb:5)
DEPRECATION WARNING: Initialization autoloaded the constants ActionText::ContentHelper and ActionText::TagHelper.

Being able to do this is deprecated. Autoloading during initialization is going
to be an error condition in future versions of Rails.

Reloading does not reboot the application, and therefore code executed during
initialization does not run again. So, if you reload ActionText::ContentHelper, for example,
the expected changes won't be reflected in that stale Module object.

These autoloaded constants have been unloaded.

Please, check the "Autoloading and Reloading Constants" guide for solutions.
 (called from <main> at /Users/tessanewman/Projects/photos_for_pam/fotogallery/moms_photo_site/config/environment.rb:5)
  [1m[35m (5.1ms)[0m  [1m[34mSELECT pg_try_advisory_lock(5389988187351560205)[0m
  [1m[35m (1.6ms)[0m  [1m[34mSELECT "schema_migrations"."version" FROM "schema_migrations" ORDER BY "schema_migrations"."version" ASC[0m
Migrating to CreateActiveStorageTables (20201225233433)
  [1m[35m (0.2ms)[0m  [1m[35mBEGIN[0m
  [1m[35m (66.1ms)[0m  [1m[35mCREATE TABLE "active_storage_blobs" ("id" bigserial primary key, "key" character varying NOT NULL, "filename" character varying NOT NULL, "content_type" character varying, "metadata" text, "byte_size" bigint NOT NULL, "checksum" character varying NOT NULL, "created_at" timestamp NOT NULL)[0m
  [1m[35m (20.7ms)[0m  [1m[35mCREATE UNIQUE INDEX  "index_active_storage_blobs_on_key" ON "active_storage_blobs"  ("key")[0m
  [1m[35m (21.1ms)[0m  [1m[35mCREATE TABLE "active_storage_attachments" ("id" bigserial primary key, "name" character varying NOT NULL, "record_type" character varying NOT NULL, "record_id" bigint NOT NULL, "blob_id" bigint NOT NULL, "created_at" timestamp NOT NULL, CONSTRAINT "fk_rails_c3b3935057"
FOREIGN KEY ("blob_id")
  REFERENCES "active_storage_blobs" ("id")
)[0m
  [1m[35m (1.0ms)[0m  [1m[35mCREATE  INDEX  "index_active_storage_attachments_on_blob_id" ON "active_storage_attachments"  ("blob_id")[0m
  [1m[35m (1.7ms)[0m  [1m[35mCREATE UNIQUE INDEX  "index_active_storage_attachments_uniqueness" ON "active_storage_attachments"  ("record_type", "record_id", "name", "blob_id")[0m
  [1m[36mprimary::SchemaMigration Create (0.4ms)[0m  [1m[32mINSERT INTO "schema_migrations" ("version") VALUES ($1) RETURNING "version"[0m  [["version", "20201225233433"]]
  [1m[35m (0.8ms)[0m  [1m[35mCOMMIT[0m
  [1m[36mActiveRecord::InternalMetadata Load (0.4ms)[0m  [1m[34mSELECT "ar_internal_metadata".* FROM "ar_internal_metadata" WHERE "ar_internal_metadata"."key" = $1 LIMIT $2[0m  [["key", "environment"], ["LIMIT", 1]]
  [1m[35m (0.3ms)[0m  [1m[34mSELECT pg_advisory_unlock(5389988187351560205)[0m
  [1m[35m (0.7ms)[0m  [1m[34mSELECT "schema_migrations"."version" FROM "schema_migrations" ORDER BY "schema_migrations"."version" ASC[0m
DEPRECATION WARNING: Initialization autoloaded the constants ActionText::ContentHelper and ActionText::TagHelper.

Being able to do this is deprecated. Autoloading during initialization is going
to be an error condition in future versions of Rails.

Reloading does not reboot the application, and therefore code executed during
initialization does not run again. So, if you reload ActionText::ContentHelper, for example,
the expected changes won't be reflected in that stale Module object.

These autoloaded constants have been unloaded.

Please, check the "Autoloading and Reloading Constants" guide for solutions.
 (called from <main> at /Users/tessanewman/Projects/photos_for_pam/fotogallery/moms_photo_site/config/environment.rb:5)
DEPRECATION WARNING: Initialization autoloaded the constants ActionText::ContentHelper and ActionText::TagHelper.

Being able to do this is deprecated. Autoloading during initialization is going
to be an error condition in future versions of Rails.

Reloading does not reboot the application, and therefore code executed during
initialization does not run again. So, if you reload ActionText::ContentHelper, for example,
the expected changes won't be reflected in that stale Module object.

These autoloaded constants have been unloaded.

Please, check the "Autoloading and Reloading Constants" guide for solutions.
 (called from <main> at /Users/tessanewman/Projects/photos_for_pam/fotogallery/moms_photo_site/config/environment.rb:5)
DEPRECATION WARNING: Initialization autoloaded the constants ActionText::ContentHelper and ActionText::TagHelper.

Being able to do this is deprecated. Autoloading during initialization is going
to be an error condition in future versions of Rails.

Reloading does not reboot the application, and therefore code executed during
initialization does not run again. So, if you reload ActionText::ContentHelper, for example,
the expected changes won't be reflected in that stale Module object.

These autoloaded constants have been unloaded.

Please, check the "Autoloading and Reloading Constants" guide for solutions.
 (called from <main> at /Users/tessanewman/Projects/photos_for_pam/fotogallery/moms_photo_site/config/environment.rb:5)
Started GET "/articles" for ::1 at 2020-12-25 17:47:13 -0600
  [1m[35m (11.4ms)[0m  [1m[34mSELECT "schema_migrations"."version" FROM "schema_migrations" ORDER BY "schema_migrations"."version" ASC[0m
Processing by ArticlesController#index as HTML
  Rendering articles/index.html.erb within layouts/application
  [1m[36mArticle Load (11.7ms)[0m  [1m[34mSELECT "articles".* FROM "articles" LIMIT $1[0m  [["LIMIT", 11]]
  [1m[36mCACHE Article Load (0.0ms)[0m  [1m[34mSELECT "articles".* FROM "articles" LIMIT $1[0m  [["LIMIT", 11]]
  [1m[36mCACHE Article Load (0.0ms)[0m  [1m[34mSELECT "articles".* FROM "articles" LIMIT $1[0m  [["LIMIT", 11]]
  [1m[36mCACHE Article Load (0.0ms)[0m  [1m[34mSELECT "articles".* FROM "articles" LIMIT $1[0m  [["LIMIT", 11]]
  Rendered articles/index.html.erb within layouts/application (Duration: 288.5ms | Allocations: 84417)
Completed 500 Internal Server Error in 317ms (ActiveRecord: 12.0ms | Allocations: 87963)


  
ActionView::Template::Error (undefined method `cl_image_tag' for #<#<Class:0x00007f8faa44d568>:0x00007f8facc0ef20>):
    1: <!-- app/views/articles/index.html.erb -->
    2: <p id="notice"><%= notice %></p>
    3: 
    4: <%= cl_image_tag("c2jkdelh5jlnkfbyvjla",
    5:                  width: 400, height: 300, crop: :fill) %>
    6: 
    7: <!-- for face detection -->
  
app/views/articles/index.html.erb:4
Started GET "/" for ::1 at 2020-12-25 17:47:20 -0600
Processing by ArticlesController#index as HTML
  Rendering articles/index.html.erb within layouts/application
  [1m[36mArticle Load (0.3ms)[0m  [1m[34mSELECT "articles".* FROM "articles" LIMIT $1[0m  [["LIMIT", 11]]
  [1m[36mCACHE Article Load (0.0ms)[0m  [1m[34mSELECT "articles".* FROM "articles" LIMIT $1[0m  [["LIMIT", 11]]
  [1m[36mCACHE Article Load (0.0ms)[0m  [1m[34mSELECT "articles".* FROM "articles" LIMIT $1[0m  [["LIMIT", 11]]
  [1m[36mCACHE Article Load (0.0ms)[0m  [1m[34mSELECT "articles".* FROM "articles" LIMIT $1[0m  [["LIMIT", 11]]
  Rendered articles/index.html.erb within layouts/application (Duration: 159.7ms | Allocations: 81002)
Completed 500 Internal Server Error in 161ms (ActiveRecord: 0.4ms | Allocations: 81464)


  
ActionView::Template::Error (undefined method `cl_image_tag' for #<#<Class:0x00007f8faa44d568>:0x00007f8face9c170>):
    1: <!-- app/views/articles/index.html.erb -->
    2: <p id="notice"><%= notice %></p>
    3: 
    4: <%= cl_image_tag("c2jkdelh5jlnkfbyvjla",
    5:                  width: 400, height: 300, crop: :fill) %>
    6: 
    7: <!-- for face detection -->
  
app/views/articles/index.html.erb:4
Started GET "/" for ::1 at 2020-12-25 17:47:22 -0600
Processing by ArticlesController#index as HTML
  Rendering articles/index.html.erb within layouts/application
  [1m[36mArticle Load (0.2ms)[0m  [1m[34mSELECT "articles".* FROM "articles" LIMIT $1[0m  [["LIMIT", 11]]
  [1m[36mCACHE Article Load (0.0ms)[0m  [1m[34mSELECT "articles".* FROM "articles" LIMIT $1[0m  [["LIMIT", 11]]
  [1m[36mCACHE Article Load (0.0ms)[0m  [1m[34mSELECT "articles".* FROM "articles" LIMIT $1[0m  [["LIMIT", 11]]
  [1m[36mCACHE Article Load (0.0ms)[0m  [1m[34mSELECT "articles".* FROM "articles" LIMIT $1[0m  [["LIMIT", 11]]
  Rendered articles/index.html.erb within layouts/application (Duration: 138.1ms | Allocations: 80992)
Completed 500 Internal Server Error in 140ms (ActiveRecord: 0.3ms | Allocations: 81446)


  
ActionView::Template::Error (undefined method `cl_image_tag' for #<#<Class:0x00007f8faa44d568>:0x00007f8fab2877c8>):
    1: <!-- app/views/articles/index.html.erb -->
    2: <p id="notice"><%= notice %></p>
    3: 
    4: <%= cl_image_tag("c2jkdelh5jlnkfbyvjla",
    5:                  width: 400, height: 300, crop: :fill) %>
    6: 
    7: <!-- for face detection -->
  
app/views/articles/index.html.erb:4
